[20:43:14] [main/INFO]: Environment: authHost='https://authserver.mojang.com', accountsHost='https://api.mojang.com', sessionHost='https://sessionserver.mojang.com', servicesHost='https://api.minecraftservices.com', name='PROD'
[20:43:14] [main/INFO]: Reloading ResourceManager: Default, bukkit, classic fishing loot v1.1.0, classic fishing loot v1.1.0.zip
[20:43:15] [Worker-Main-5/INFO]: Loaded 7 recipes
[20:43:16] [Server thread/INFO]: Starting minecraft server version 1.16.5
[20:43:16] [Server thread/INFO]: Loading properties
[20:43:16] [Server thread/INFO]: This server is running Paper version git-Paper-457 (MC: 1.16.5) (Implementing API version 1.16.5-R0.1-SNAPSHOT)
[20:43:16] [Server thread/INFO]: Debug logging is disabled
[20:43:16] [Server thread/INFO]: Server Ping Player Sample Count: 12
[20:43:16] [Server thread/INFO]: Using 4 threads for Netty based IO
[20:43:16] [Server thread/INFO]: Default game type: SURVIVAL
[20:43:16] [Server thread/INFO]: Generating keypair
[20:43:16] [Server thread/INFO]: Starting Minecraft server on *:25565
[20:43:16] [Server thread/INFO]: Using default channel type
[20:43:17] [Server thread/WARN]: Initializing Legacy Material Support. Unless you have legacy plugins and/or data this is a bug!
[20:43:21] [Server thread/WARN]: Legacy plugin dynmap v3.1-beta7-449 does not specify an api-version.
[20:43:21] [Server thread/INFO]: [dynmap] Loading dynmap v3.1-beta7-449
[20:43:21] [Server thread/INFO]: [dynmap] version=git-Paper-457 (MC: 1.16.5)
[20:43:21] [Server thread/INFO]: [dynmap] Mod Support API available
[20:43:21] [Server thread/INFO]: [Geyser-Spigot] Loading Geyser-Spigot v1.2.0-SNAPSHOT
[20:43:21] [Server thread/INFO]: [Multiverse-Core] Loading Multiverse-Core v4.2.2-b812
[20:43:21] [Server thread/INFO]: Server permissions file permissions.yml is empty, ignoring it
[20:43:21] [Server thread/WARN]: **** SERVER IS RUNNING IN OFFLINE/INSECURE MODE!
[20:43:21] [Server thread/WARN]: The server will make no attempt to authenticate usernames. Beware.
[20:43:21] [Server thread/WARN]: While this makes the game possible to play without internet access, it also opens up the ability for hackers to connect with any username they choose.
[20:43:21] [Server thread/WARN]: To change this, set "online-mode" to "true" in the server.properties file.
[20:43:21] [Server thread/INFO]: Preparing level "world"
[20:43:21] [Server thread/INFO]: -------- World Settings For [world] --------
[20:43:21] [Server thread/INFO]: Entity Tracking Range: Pl 48 / An 48 / Mo 48 / Mi 32 / Other 64
[20:43:21] [Server thread/INFO]: Allow Zombie Pigmen to spawn from portal blocks: true
[20:43:21] [Server thread/INFO]: View Distance: 10
[20:43:21] [Server thread/INFO]: Item Merge Radius: 2.5
[20:43:21] [Server thread/INFO]: Item Despawn Rate: 6000
[20:43:21] [Server thread/INFO]: Zombie Aggressive Towards Villager: true
[20:43:21] [Server thread/INFO]: Nerfing mobs spawned from spawners: false
[20:43:21] [Server thread/INFO]: Mob Spawn Range: 8
[20:43:21] [Server thread/INFO]: Arrow Despawn Rate: 1200 Trident Respawn Rate:1200
[20:43:21] [Server thread/INFO]: Custom Map Seeds:  Village: 10387312 Desert: 14357617 Igloo: 14357618 Jungle: 14357619 Swamp: 14357620 Monument: 10387313 Ocean: 14357621 Shipwreck: 165745295 End City: 10387313 Slime: 987234911 Bastion: 30084232 Fortress: 30084232 Mansion: 10387319 Fossil: 14357921 Portal: 34222645
[20:43:21] [Server thread/INFO]: Entity Activation Range: An 32 / Mo 32 / Ra 48 / Mi 16 / Tiv true
[20:43:21] [Server thread/INFO]: Experience Merge Radius: 3.0
[20:43:21] [Server thread/INFO]: Hopper Transfer: 8 Hopper Check: 1 Hopper Amount: 1
[20:43:21] [Server thread/INFO]: Cactus Growth Modifier: 100%
[20:43:21] [Server thread/INFO]: Cane Growth Modifier: 100%
[20:43:21] [Server thread/INFO]: Melon Growth Modifier: 100%
[20:43:21] [Server thread/INFO]: Mushroom Growth Modifier: 100%
[20:43:21] [Server thread/INFO]: Pumpkin Growth Modifier: 100%
[20:43:21] [Server thread/INFO]: Sapling Growth Modifier: 100%
[20:43:21] [Server thread/INFO]: Beetroot Growth Modifier: 100%
[20:43:21] [Server thread/INFO]: Carrot Growth Modifier: 100%
[20:43:21] [Server thread/INFO]: Potato Growth Modifier: 100%
[20:43:21] [Server thread/INFO]: Wheat Growth Modifier: 100%
[20:43:21] [Server thread/INFO]: NetherWart Growth Modifier: 100%
[20:43:21] [Server thread/INFO]: Vine Growth Modifier: 100%
[20:43:21] [Server thread/INFO]: Cocoa Growth Modifier: 100%
[20:43:21] [Server thread/INFO]: Bamboo Growth Modifier: 100%
[20:43:21] [Server thread/INFO]: SweetBerry Growth Modifier: 100%
[20:43:21] [Server thread/INFO]: Kelp Growth Modifier: 100%
[20:43:21] [Server thread/INFO]: Tile Max Tick Time: 50ms Entity max Tick Time: 50ms
[20:43:21] [Server thread/INFO]: Max TNT Explosions: 100
[20:43:21] [Server thread/INFO]: -------- World Settings For [world_nether] --------
[20:43:21] [Server thread/INFO]: Entity Tracking Range: Pl 48 / An 48 / Mo 48 / Mi 32 / Other 64
[20:43:21] [Server thread/INFO]: Allow Zombie Pigmen to spawn from portal blocks: true
[20:43:21] [Server thread/INFO]: View Distance: 10
[20:43:21] [Server thread/INFO]: Item Merge Radius: 2.5
[20:43:21] [Server thread/INFO]: Item Despawn Rate: 6000
[20:43:21] [Server thread/INFO]: Zombie Aggressive Towards Villager: true
[20:43:21] [Server thread/INFO]: Nerfing mobs spawned from spawners: false
[20:43:21] [Server thread/INFO]: Mob Spawn Range: 8
[20:43:21] [Server thread/INFO]: Arrow Despawn Rate: 1200 Trident Respawn Rate:1200
[20:43:21] [Server thread/INFO]: Custom Map Seeds:  Village: 10387312 Desert: 14357617 Igloo: 14357618 Jungle: 14357619 Swamp: 14357620 Monument: 10387313 Ocean: 14357621 Shipwreck: 165745295 End City: 10387313 Slime: 987234911 Bastion: 30084232 Fortress: 30084232 Mansion: 10387319 Fossil: 14357921 Portal: 34222645
[20:43:21] [Server thread/INFO]: Entity Activation Range: An 32 / Mo 32 / Ra 48 / Mi 16 / Tiv true
[20:43:21] [Server thread/INFO]: Experience Merge Radius: 3.0
[20:43:21] [Server thread/INFO]: Hopper Transfer: 8 Hopper Check: 1 Hopper Amount: 1
[20:43:21] [Server thread/INFO]: Cactus Growth Modifier: 100%
[20:43:21] [Server thread/INFO]: Cane Growth Modifier: 100%
[20:43:21] [Server thread/INFO]: Melon Growth Modifier: 100%
[20:43:21] [Server thread/INFO]: Mushroom Growth Modifier: 100%
[20:43:21] [Server thread/INFO]: Pumpkin Growth Modifier: 100%
[20:43:21] [Server thread/INFO]: Sapling Growth Modifier: 100%
[20:43:21] [Server thread/INFO]: Beetroot Growth Modifier: 100%
[20:43:21] [Server thread/INFO]: Carrot Growth Modifier: 100%
[20:43:21] [Server thread/INFO]: Potato Growth Modifier: 100%
[20:43:21] [Server thread/INFO]: Wheat Growth Modifier: 100%
[20:43:21] [Server thread/INFO]: NetherWart Growth Modifier: 100%
[20:43:21] [Server thread/INFO]: Vine Growth Modifier: 100%
[20:43:21] [Server thread/INFO]: Cocoa Growth Modifier: 100%
[20:43:21] [Server thread/INFO]: Bamboo Growth Modifier: 100%
[20:43:21] [Server thread/INFO]: SweetBerry Growth Modifier: 100%
[20:43:21] [Server thread/INFO]: Kelp Growth Modifier: 100%
[20:43:21] [Server thread/INFO]: Tile Max Tick Time: 50ms Entity max Tick Time: 50ms
[20:43:21] [Server thread/INFO]: Max TNT Explosions: 100
[20:43:21] [Server thread/INFO]: -------- World Settings For [world_the_end] --------
[20:43:21] [Server thread/INFO]: Entity Tracking Range: Pl 48 / An 48 / Mo 48 / Mi 32 / Other 64
[20:43:21] [Server thread/INFO]: Allow Zombie Pigmen to spawn from portal blocks: true
[20:43:21] [Server thread/INFO]: View Distance: 10
[20:43:21] [Server thread/INFO]: Item Merge Radius: 2.5
[20:43:21] [Server thread/INFO]: Item Despawn Rate: 6000
[20:43:21] [Server thread/INFO]: Zombie Aggressive Towards Villager: true
[20:43:21] [Server thread/INFO]: Nerfing mobs spawned from spawners: false
[20:43:21] [Server thread/INFO]: Mob Spawn Range: 8
[20:43:21] [Server thread/INFO]: Arrow Despawn Rate: 1200 Trident Respawn Rate:1200
[20:43:21] [Server thread/INFO]: Custom Map Seeds:  Village: 10387312 Desert: 14357617 Igloo: 14357618 Jungle: 14357619 Swamp: 14357620 Monument: 10387313 Ocean: 14357621 Shipwreck: 165745295 End City: 10387313 Slime: 987234911 Bastion: 30084232 Fortress: 30084232 Mansion: 10387319 Fossil: 14357921 Portal: 34222645
[20:43:21] [Server thread/INFO]: Entity Activation Range: An 32 / Mo 32 / Ra 48 / Mi 16 / Tiv true
[20:43:21] [Server thread/INFO]: Experience Merge Radius: 3.0
[20:43:21] [Server thread/INFO]: Hopper Transfer: 8 Hopper Check: 1 Hopper Amount: 1
[20:43:21] [Server thread/INFO]: Cactus Growth Modifier: 100%
[20:43:21] [Server thread/INFO]: Cane Growth Modifier: 100%
[20:43:21] [Server thread/INFO]: Melon Growth Modifier: 100%
[20:43:21] [Server thread/INFO]: Mushroom Growth Modifier: 100%
[20:43:21] [Server thread/INFO]: Pumpkin Growth Modifier: 100%
[20:43:21] [Server thread/INFO]: Sapling Growth Modifier: 100%
[20:43:21] [Server thread/INFO]: Beetroot Growth Modifier: 100%
[20:43:21] [Server thread/INFO]: Carrot Growth Modifier: 100%
[20:43:21] [Server thread/INFO]: Potato Growth Modifier: 100%
[20:43:21] [Server thread/INFO]: Wheat Growth Modifier: 100%
[20:43:21] [Server thread/INFO]: NetherWart Growth Modifier: 100%
[20:43:21] [Server thread/INFO]: Vine Growth Modifier: 100%
[20:43:21] [Server thread/INFO]: Cocoa Growth Modifier: 100%
[20:43:21] [Server thread/INFO]: Bamboo Growth Modifier: 100%
[20:43:21] [Server thread/INFO]: SweetBerry Growth Modifier: 100%
[20:43:21] [Server thread/INFO]: Kelp Growth Modifier: 100%
[20:43:21] [Server thread/INFO]: Tile Max Tick Time: 50ms Entity max Tick Time: 50ms
[20:43:21] [Server thread/INFO]: Max TNT Explosions: 100
[20:43:21] [Server thread/INFO]: Preparing start region for dimension minecraft:overworld
[20:43:21] [Server thread/INFO]: Loaded 0 spawn chunks for world world
[20:43:21] [Server thread/INFO]: Preparing spawn area: 0%
[20:43:22] [Server thread/INFO]: Time elapsed: 488 ms
[20:43:22] [Server thread/INFO]: Preparing start region for dimension minecraft:the_nether
[20:43:22] [Server thread/INFO]: Loaded 0 spawn chunks for world world_nether
[20:43:22] [Server thread/INFO]: Preparing spawn area: 0%
[20:43:22] [Server thread/INFO]: Time elapsed: 146 ms
[20:43:22] [Server thread/INFO]: Preparing start region for dimension minecraft:the_end
[20:43:22] [Server thread/INFO]: Loaded 0 spawn chunks for world world_the_end
[20:43:22] [Server thread/INFO]: Time elapsed: 54 ms
[20:43:22] [Server thread/INFO]: [dynmap] Enabling dynmap v3.1-beta7-449*
[20:43:22] [Server thread/INFO]: [dynmap] Using Bukkit Permissions (superperms) for access control
[20:43:22] [Server thread/INFO]: [dynmap] Web interface permissions only available for online users
[20:43:22] [Server thread/INFO]: [dynmap] Mod Support processing completed
[20:43:23] [Server thread/INFO]: [dynmap] Loaded 25 shaders.
[20:43:23] [Server thread/INFO]: [dynmap] Loaded 82 perspectives.
[20:43:23] [Server thread/INFO]: [dynmap] Loaded 22 lightings.
[20:43:23] [Server thread/INFO]: [dynmap] Starting enter/exit processing
[20:43:23] [Dynmap Render Thread/INFO]: [dynmap] Finish marker initialization
[20:43:23] [Server thread/INFO]: [dynmap] Web server started on address 0.0.0.0:8123
[20:43:23] [Server thread/INFO]: [dynmap] version 3.1-beta7-449 is enabled - core version 3.1-beta7-449
[20:43:23] [Server thread/INFO]: [dynmap] For support, visit https://reddit.com/r/Dynmap or our Discord at https://discord.gg/s3rd5qn
[20:43:23] [Server thread/INFO]: [dynmap] To report or track bugs, visit https://github.com/webbukkit/dynmap/issues
[20:43:23] [Server thread/INFO]: [dynmap] If you'd like to donate, please visit https://www.patreon.com/dynmap or https://ko-fi.com/michaelprimm
[20:43:23] [Server thread/INFO]: [dynmap] Loaded 3 maps of world 'world'.
[20:43:23] [Server thread/INFO]: [dynmap] Loaded 2 maps of world 'world_nether'.
[20:43:23] [Server thread/INFO]: [dynmap] Loaded 2 maps of world 'world_the_end'.
[20:43:23] [Server thread/INFO]: [dynmap] Enabled
[20:43:23] [Server thread/INFO]: [Geyser-Spigot] Enabling Geyser-Spigot v1.2.0-SNAPSHOT
[20:43:24] [Server thread/INFO]: [Geyser-Spigot] ******************************************
[20:43:24] [Server thread/INFO]: [Geyser-Spigot] 
[20:43:24] [Server thread/INFO]: [Geyser-Spigot] Loading Geyser version 1.2.0-SNAPSHOT (git-master-bbbb703)
[20:43:24] [Server thread/INFO]: [Geyser-Spigot] 
[20:43:24] [Server thread/INFO]: [Geyser-Spigot] ******************************************
[20:43:26] [Network Listener - #1/INFO]: [Geyser-Spigot] Started Geyser on 0.0.0.0:25565
[20:43:26] [Server thread/INFO]: [Geyser-Spigot] Done (2.585s)! Run /geyser help for help!
[20:43:27] [Server thread/INFO]: [Multiverse-Core] Enabling Multiverse-Core v4.2.2-b812
[20:43:27] [Server thread/WARN]: [Multiverse-Core] "Multiverse-Core v4.2.2-b812" has registered a listener for org.bukkit.event.entity.EntityCreatePortalEvent on method "public void com.onarandombox.MultiverseCore.listeners.MVPortalListener.entityPortalCreate(org.bukkit.event.entity.EntityCreatePortalEvent)", but the event is Deprecated. "Server performance will be affected"; please notify the authors [dumptruckman, Rigby, fernferret, lithium3141, main--].
[20:43:27] [Server thread/INFO]: [Multiverse-Core] We are aware of the warning about the deprecated event. There is no alternative that allows us to do what we need to do and performance impact is negligible. It is safe to ignore.
[20:43:27] [Server thread/INFO]: [Multiverse-Core] 3 - World(s) loaded.
[20:43:27] [Server thread/INFO]: [Multiverse-Core] Version 4.2.2-b812 (API v24) Enabled - By dumptruckman, Rigby, fernferret, lithium3141 and main--
[20:43:27] [Server thread/INFO]: Running delayed init tasks
[20:43:27] [Server thread/INFO]: Done (11.140s)! For help, type "help"
[20:43:27] [Server thread/WARN]: [io.papermc.paper.util.PaperJvmChecker] ************************************************************
[20:43:27] [Server thread/WARN]: [io.papermc.paper.util.PaperJvmChecker] * WARNING - YOU ARE RUNNING AN OUTDATED VERSION OF JAVA.
[20:43:27] [Server thread/WARN]: [io.papermc.paper.util.PaperJvmChecker] * PAPER WILL STOP BEING COMPATIBLE WITH THIS VERSION OF
[20:43:27] [Server thread/WARN]: [io.papermc.paper.util.PaperJvmChecker] * JAVA WHEN MINECRAFT 1.17 IS RELEASED.
[20:43:27] [Server thread/WARN]: [io.papermc.paper.util.PaperJvmChecker] *
[20:43:27] [Server thread/WARN]: [io.papermc.paper.util.PaperJvmChecker] * Please update the version of Java you use to run Paper
[20:43:27] [Server thread/WARN]: [io.papermc.paper.util.PaperJvmChecker] * to at least Java 11. When Paper for Minecraft 1.17 is
[20:43:27] [Server thread/WARN]: [io.papermc.paper.util.PaperJvmChecker] * released support for versions of Java before 11 will
[20:43:27] [Server thread/WARN]: [io.papermc.paper.util.PaperJvmChecker] * be dropped.
[20:43:27] [Server thread/WARN]: [io.papermc.paper.util.PaperJvmChecker] *
[20:43:27] [Server thread/WARN]: [io.papermc.paper.util.PaperJvmChecker] * Current Java version: 1.8.0_242-release
[20:43:27] [Server thread/WARN]: [io.papermc.paper.util.PaperJvmChecker] *
[20:43:27] [Server thread/WARN]: [io.papermc.paper.util.PaperJvmChecker] * Check this forum post for more information: 
[20:43:27] [Server thread/WARN]: [io.papermc.paper.util.PaperJvmChecker] *   https://papermc.io/java11
[20:43:27] [Server thread/WARN]: [io.papermc.paper.util.PaperJvmChecker] ************************************************************
[20:43:27] [Server thread/INFO]: Timings Reset
[20:44:29] [Dynmap Render Thread/INFO]: [dynmap] Loading default resource pack
[20:47:51] [Server thread/INFO]: World name is required
[20:47:58] [Server thread/INFO]: Full render starting on world 'world'...
[20:48:03] [Dynmap Render Thread/INFO]: Full render of map 'flat' of 'world' in progress - 100 tiles rendered (54.55 msec/tile, 27.43 msec per render)
[20:48:09] [Dynmap Render Thread/INFO]: Full render of map 'flat' of 'world' in progress - 200 tiles rendered (56.46 msec/tile, 28.04 msec per render)
[20:48:14] [Dynmap Render Thread/INFO]: Full render of map 'flat' of 'world' in progress - 300 tiles rendered (55.36 msec/tile, 26.37 msec per render)
[20:48:21] [Dynmap Render Thread/INFO]: Full render of map 'flat' of 'world' in progress - 400 tiles rendered (57.10 msec/tile, 27.61 msec per render)
[20:48:27] [Dynmap Render Thread/INFO]: Full render of map 'flat' of 'world' in progress - 500 tiles rendered (57.69 msec/tile, 28.57 msec per render)
[20:48:33] [Dynmap Render Thread/INFO]: Full render of map 'flat' of 'world' in progress - 600 tiles rendered (58.26 msec/tile, 28.92 msec per render)
[20:48:39] [Dynmap Render Thread/INFO]: Full render of map 'flat' of 'world' in progress - 700 tiles rendered (58.91 msec/tile, 29.17 msec per render)
[20:48:45] [Dynmap Render Thread/INFO]: Full render of map 'flat' of 'world' in progress - 800 tiles rendered (59.48 msec/tile, 29.56 msec per render)
[20:48:51] [Dynmap Render Thread/INFO]: Full render of map 'flat' of 'world' in progress - 900 tiles rendered (59.59 msec/tile, 29.52 msec per render)
[20:48:58] [Dynmap Render Thread/INFO]: Full render of map 'flat' of 'world' in progress - 1000 tiles rendered (59.65 msec/tile, 29.38 msec per render)
[20:49:03] [Dynmap Render Thread/INFO]: Full render of map 'flat' of 'world' in progress - 1100 tiles rendered (59.61 msec/tile, 29.49 msec per render)
[20:49:09] [Server thread/INFO]: [WEB] : bitch
[20:49:10] [Dynmap Render Thread/INFO]: Full render of map 'flat' of 'world' in progress - 1200 tiles rendered (59.97 msec/tile, 29.84 msec per render)
[20:49:16] [Dynmap Render Thread/INFO]: Full render of map 'flat' of 'world' in progress - 1300 tiles rendered (60.14 msec/tile, 29.96 msec per render)
[20:49:21] [Dynmap Render Thread/INFO]: Full render of map 'flat' of 'world' in progress - 1400 tiles rendered (59.69 msec/tile, 29.57 msec per render)
[20:49:28] [Dynmap Render Thread/INFO]: Full render of map 'flat' of 'world' in progress - 1500 tiles rendered (60.14 msec/tile, 29.86 msec per render)
[20:49:34] [Dynmap Render Thread/INFO]: Full render of map 'flat' of 'world' in progress - 1600 tiles rendered (60.35 msec/tile, 29.93 msec per render)
[20:49:41] [Dynmap Render Thread/INFO]: Full render of map 'flat' of 'world' in progress - 1700 tiles rendered (60.43 msec/tile, 30.01 msec per render)
[20:49:46] [Dynmap Render Thread/INFO]: Full render of map 'flat' of 'world' in progress - 1800 tiles rendered (60.29 msec/tile, 29.88 msec per render)
[20:49:55] [Dynmap Render Thread/INFO]: Full render of map 'flat' of 'world' in progress - 1900 tiles rendered (61.76 msec/tile, 30.17 msec per render)
[20:50:03] [Dynmap Render Thread/INFO]: Full render of map 'flat' of 'world' in progress - 2000 tiles rendered (62.38 msec/tile, 30.35 msec per render)
[20:50:10] [Dynmap Render Thread/INFO]: Full render of map 'flat' of 'world' in progress - 2100 tiles rendered (62.68 msec/tile, 30.48 msec per render)
[20:50:17] [Dynmap Render Thread/INFO]: Full render of map 'flat' of 'world' in progress - 2200 tiles rendered (62.87 msec/tile, 30.44 msec per render)
[20:50:24] [Dynmap Render Thread/INFO]: Full render of map 'flat' of 'world' in progress - 2300 tiles rendered (63.26 msec/tile, 30.47 msec per render)
[20:50:32] [Dynmap Render Thread/INFO]: Full render of map 'flat' of 'world' in progress - 2400 tiles rendered (63.61 msec/tile, 30.51 msec per render)
[20:50:40] [Dynmap Render Thread/INFO]: Full render of map 'flat' of 'world' in progress - 2500 tiles rendered (64.14 msec/tile, 30.58 msec per render)
[20:50:47] [Dynmap Render Thread/INFO]: Full render of map 'flat' of 'world' in progress - 2600 tiles rendered (64.42 msec/tile, 30.53 msec per render)
[20:50:56] [Dynmap Render Thread/INFO]: Full render of map 'flat' of 'world' in progress - 2700 tiles rendered (65.05 msec/tile, 30.68 msec per render)
[20:51:03] [Dynmap Render Thread/INFO]: Full render of map 'flat' of 'world' in progress - 2800 tiles rendered (65.13 msec/tile, 30.75 msec per render)
[20:51:10] [Dynmap Render Thread/INFO]: Full render of map 'flat' of 'world' in progress - 2900 tiles rendered (65.12 msec/tile, 30.82 msec per render)
[20:51:16] [Dynmap Render Thread/INFO]: Full render of map 'flat' of 'world' in progress - 3000 tiles rendered (65.11 msec/tile, 30.85 msec per render)
[20:51:23] [Dynmap Render Thread/INFO]: Full render of map 'flat' of 'world' in progress - 3100 tiles rendered (65.26 msec/tile, 31.03 msec per render)
[20:51:30] [Dynmap Render Thread/INFO]: Full render of map 'flat' of 'world' in progress - 3200 tiles rendered (65.41 msec/tile, 31.24 msec per render)
[20:51:38] [Dynmap Render Thread/INFO]: Full render of map 'flat' of 'world' in progress - 3300 tiles rendered (65.50 msec/tile, 31.35 msec per render)
[20:51:45] [Dynmap Render Thread/INFO]: Full render of map 'flat' of 'world' in progress - 3400 tiles rendered (65.76 msec/tile, 31.66 msec per render)
[20:51:51] [Dynmap Render Thread/INFO]: Full render of map 'flat' of 'world' in progress - 3500 tiles rendered (65.66 msec/tile, 31.62 msec per render)
[20:51:59] [Dynmap Render Thread/INFO]: Full render of map 'flat' of 'world' in progress - 3600 tiles rendered (65.82 msec/tile, 31.76 msec per render)
[20:52:06] [Dynmap Render Thread/INFO]: Full render of map 'flat' of 'world' in progress - 3700 tiles rendered (65.95 msec/tile, 31.81 msec per render)
[20:52:12] [Dynmap Render Thread/INFO]: Full render of map 'flat' of 'world' in progress - 3800 tiles rendered (65.86 msec/tile, 31.71 msec per render)
[20:52:19] [Dynmap Render Thread/INFO]: Full render of map 'flat' of 'world' in progress - 3900 tiles rendered (65.84 msec/tile, 31.72 msec per render)
[20:52:26] [Dynmap Render Thread/INFO]: Full render of map 'flat' of 'world' in progress - 4000 tiles rendered (65.80 msec/tile, 31.67 msec per render)
[20:52:33] [Dynmap Render Thread/INFO]: Full render of map 'flat' of 'world' in progress - 4100 tiles rendered (65.90 msec/tile, 31.72 msec per render)
[20:52:40] [Dynmap Render Thread/INFO]: Full render of map 'flat' of 'world' in progress - 4200 tiles rendered (65.99 msec/tile, 31.81 msec per render)
[20:52:47] [Dynmap Render Thread/INFO]: Full render of map 'flat' of 'world' in progress - 4300 tiles rendered (65.94 msec/tile, 31.80 msec per render)
[20:52:53] [Dynmap Render Thread/INFO]: Full render of map 'flat' of 'world' in progress - 4400 tiles rendered (65.95 msec/tile, 31.83 msec per render)
[20:53:00] [Dynmap Render Thread/INFO]: Full render of map 'flat' of 'world' in progress - 4500 tiles rendered (65.97 msec/tile, 31.83 msec per render)
[20:53:06] [Dynmap Render Thread/INFO]: Full render of map 'flat' of 'world' in progress - 4600 tiles rendered (65.80 msec/tile, 31.70 msec per render)
[20:53:13] [Dynmap Render Thread/INFO]: Full render of map 'flat' of 'world' in progress - 4700 tiles rendered (65.83 msec/tile, 31.71 msec per render)
[20:53:21] [Dynmap Render Thread/INFO]: Full render of map 'flat' of 'world' in progress - 4800 tiles rendered (65.78 msec/tile, 31.66 msec per render)
[20:53:27] [Dynmap Render Thread/INFO]: Full render of map 'flat' of 'world' in progress - 4900 tiles rendered (65.66 msec/tile, 31.53 msec per render)
[20:53:33] [Dynmap Render Thread/INFO]: Full render of map 'flat' of 'world' in progress - 5000 tiles rendered (65.49 msec/tile, 31.31 msec per render)
[20:53:40] [Dynmap Render Thread/INFO]: Full render of map 'flat' of 'world' in progress - 5100 tiles rendered (65.39 msec/tile, 31.22 msec per render)
[20:53:46] [Dynmap Render Thread/INFO]: Full render of map 'flat' of 'world' in progress - 5200 tiles rendered (65.26 msec/tile, 31.12 msec per render)
[20:53:53] [Dynmap Render Thread/INFO]: Full render of map 'flat' of 'world' in progress - 5300 tiles rendered (65.14 msec/tile, 31.00 msec per render)
[20:54:00] [Dynmap Render Thread/INFO]: Full render of map 'flat' of 'world' in progress - 5400 tiles rendered (65.09 msec/tile, 30.92 msec per render)
[20:54:07] [Dynmap Render Thread/INFO]: Full render of map 'flat' of 'world' in progress - 5500 tiles rendered (65.08 msec/tile, 30.88 msec per render)
[20:54:14] [Dynmap Render Thread/INFO]: Full render of map 'flat' of 'world' in progress - 5600 tiles rendered (65.07 msec/tile, 30.85 msec per render)
[20:54:17] [Server thread/INFO]: Stopping the server
[20:54:17] [Server thread/INFO]: Stopping server
[20:54:17] [Server thread/INFO]: [Multiverse-Core] Disabling Multiverse-Core v4.2.2-b812
[20:54:17] [Server thread/INFO]: [Geyser-Spigot] Disabling Geyser-Spigot v1.2.0-SNAPSHOT
[20:54:17] [Server thread/INFO]: [Geyser-Spigot] Shutting down Geyser.
[20:54:17] [Server thread/INFO]: [Geyser-Spigot] Geyser shutdown successfully.
[20:54:17] [Server thread/INFO]: [dynmap] Disabling dynmap v3.1-beta7-449
[20:54:17] [Server thread/INFO]: [dynmap] Unloaded 11 components.
[20:54:17] [Server thread/INFO]: [dynmap] Stopping map renderer...
[20:54:18] [Server thread/INFO]: [dynmap] Full render job saved for world 'world'
[20:54:23] [Server thread/INFO]: [dynmap] Disabled
[20:54:23] [Server thread/INFO]: Saving players
[20:54:23] [Server thread/INFO]: Saving worlds
[20:54:23] [Server thread/INFO]: Saving chunks for level 'ServerLevel[world]'/minecraft:overworld
[20:54:23] [Server thread/INFO]: ThreadedAnvilChunkStorage (world): All chunks are saved
[20:54:23] [Server thread/INFO]: Saving chunks for level 'ServerLevel[world_nether]'/minecraft:the_nether
[20:54:23] [Server thread/INFO]: ThreadedAnvilChunkStorage (DIM-1): All chunks are saved
[20:54:23] [Server thread/INFO]: Saving chunks for level 'ServerLevel[world_the_end]'/minecraft:the_end
[20:54:23] [Server thread/INFO]: ThreadedAnvilChunkStorage (DIM1): All chunks are saved
[20:54:23] [Server thread/INFO]: ThreadedAnvilChunkStorage (world): All chunks are saved
[20:54:25] [Server thread/INFO]: ThreadedAnvilChunkStorage (DIM-1): All chunks are saved
[20:54:26] [Server thread/INFO]: ThreadedAnvilChunkStorage (DIM1): All chunks are saved
[20:54:26] [Server thread/INFO]: Flushing Chunk IO
[20:54:26] [Server thread/INFO]: Closing Thread Pool
[20:54:26] [Server thread/INFO]: Closing Server
